2022-08-05 02:35:15.974  INFO 13440 --- [SpringContextShutdownHook] o.s.s.concurrent.ThreadPoolTaskExecutor  : Shutting down ExecutorService 'applicationTaskExecutor'
2022-08-05 02:57:28.198  INFO 13220 --- [main] c.n.elk.ElkStackExampleApplication       : Starting ElkStackExampleApplication on DESKTOP-UBOLTIP with PID 13220 (C:\Users\JGD\OneDrive\Desktop\ElasticSearch\elk-stack-logging-example\target\classes started by JGD in C:\Users\JGD\OneDrive\Desktop\ElasticSearch\elk-stack-logging-example)
2022-08-05 02:57:28.206  INFO 13220 --- [main] c.n.elk.ElkStackExampleApplication       : No active profile set, falling back to default profiles: default
2022-08-05 02:57:30.836  INFO 13220 --- [main] o.s.b.w.embedded.tomcat.TomcatWebServer  : Tomcat initialized with port(s): 9898 (http)
2022-08-05 02:57:30.855  INFO 13220 --- [main] o.apache.catalina.core.StandardService   : Starting service [Tomcat]
2022-08-05 02:57:30.856  INFO 13220 --- [main] org.apache.catalina.core.StandardEngine  : Starting Servlet engine: [Apache Tomcat/9.0.33]
2022-08-05 02:57:30.860  INFO 13220 --- [main] o.a.catalina.core.AprLifecycleListener   : Loaded APR based Apache Tomcat Native library [1.2.33] using APR version [1.7.0].
2022-08-05 02:57:30.861  INFO 13220 --- [main] o.a.catalina.core.AprLifecycleListener   : APR capabilities: IPv6 [true], sendfile [true], accept filters [false], random [true].
2022-08-05 02:57:30.861  INFO 13220 --- [main] o.a.catalina.core.AprLifecycleListener   : APR/OpenSSL configuration: useAprConnector [false], useOpenSSL [true]
2022-08-05 02:57:30.879  INFO 13220 --- [main] o.a.catalina.core.AprLifecycleListener   : OpenSSL successfully initialized [OpenSSL 1.1.1o  3 May 2022]
2022-08-05 02:57:31.016  INFO 13220 --- [main] o.a.c.c.C.[Tomcat].[localhost].[/]       : Initializing Spring embedded WebApplicationContext
2022-08-05 02:57:31.017  INFO 13220 --- [main] o.s.web.context.ContextLoader            : Root WebApplicationContext: initialization completed in 2266 ms
2022-08-05 02:57:31.284  INFO 13220 --- [main] o.s.s.concurrent.ThreadPoolTaskExecutor  : Initializing ExecutorService 'applicationTaskExecutor'
2022-08-05 02:57:31.621  INFO 13220 --- [main] o.s.b.w.embedded.tomcat.TomcatWebServer  : Tomcat started on port(s): 9898 (http) with context path ''
2022-08-05 02:57:31.630  INFO 13220 --- [main] c.n.elk.ElkStackExampleApplication       : Started ElkStackExampleApplication in 4.304 seconds (JVM running for 5.017)
2022-08-05 02:57:33.004  INFO 13220 --- [http-nio-9898-exec-1] o.a.c.c.C.[Tomcat].[localhost].[/]       : Initializing Spring DispatcherServlet 'dispatcherServlet'
2022-08-05 02:57:33.005  INFO 13220 --- [http-nio-9898-exec-1] o.s.web.servlet.DispatcherServlet        : Initializing Servlet 'dispatcherServlet'
2022-08-05 02:57:33.016  INFO 13220 --- [http-nio-9898-exec-1] o.s.web.servlet.DispatcherServlet        : Completed initialization in 10 ms
2022-08-05 02:57:33.063  INFO 13220 --- [http-nio-9898-exec-1] c.n.elk.ElkStackExampleApplication       : user found : User(id=1, name=Nitesh)
2022-08-05 02:57:44.015 ERROR 13220 --- [http-nio-9898-exec-8] c.n.elk.ElkStackExampleApplication       : User Not Found with ID : 5
2022-08-05 02:58:18.827 ERROR 13220 --- [http-nio-9898-exec-3] c.n.elk.ElkStackExampleApplication       : User Not Found with ID : 15
2022-08-05 03:27:41.999  INFO 13220 --- [SpringContextShutdownHook] o.s.s.concurrent.ThreadPoolTaskExecutor  : Shutting down ExecutorService 'applicationTaskExecutor'
